#! /opt/homebrew/Cellar/icarus-verilog/12.0/bin/vvp
:ivl_version "12.0 (stable)";
:ivl_delay_selection "TYPICAL";
:vpi_time_precision + 0;
:vpi_module "/opt/homebrew/Cellar/icarus-verilog/12.0/lib/ivl/system.vpi";
:vpi_module "/opt/homebrew/Cellar/icarus-verilog/12.0/lib/ivl/vhdl_sys.vpi";
:vpi_module "/opt/homebrew/Cellar/icarus-verilog/12.0/lib/ivl/vhdl_textio.vpi";
:vpi_module "/opt/homebrew/Cellar/icarus-verilog/12.0/lib/ivl/v2005_math.vpi";
:vpi_module "/opt/homebrew/Cellar/icarus-verilog/12.0/lib/ivl/va_math.vpi";
S_0x124e400c0 .scope module, "adderTest" "adderTest" 2 1;
 .timescale 0 0;
v0x124e54ba0_0 .var "a", 15 0;
v0x124e54c30_0 .var "b", 15 0;
v0x124e54cc0_0 .net "c", 15 0, L_0x124e5ccd0;  1 drivers
v0x124e54d50_0 .net "carry", 0 0, L_0x124e5c560;  1 drivers
v0x124e54de0_0 .net "overflow", 0 0, L_0x124e55ea0;  1 drivers
v0x124e54eb0_0 .net "parity", 0 0, L_0x124e552a0;  1 drivers
v0x124e54f40_0 .net "sign", 0 0, L_0x124e550a0;  1 drivers
v0x124e54ff0_0 .net "zero", 0 0, L_0x124e551c0;  1 drivers
S_0x124e3ed90 .scope module, "DUT" "str_rca_16adder" 2 6, 3 29 0, S_0x124e400c0;
 .timescale 0 0;
    .port_info 0 /INPUT 16 "x";
    .port_info 1 /INPUT 16 "y";
    .port_info 2 /OUTPUT 16 "z";
    .port_info 3 /OUTPUT 1 "sign";
    .port_info 4 /OUTPUT 1 "zero";
    .port_info 5 /OUTPUT 1 "carry";
    .port_info 6 /OUTPUT 1 "parity";
    .port_info 7 /OUTPUT 1 "overflow";
L_0x124e55570 .functor AND 1, L_0x124e55400, L_0x124e554a0, C4<1>, C4<1>;
L_0x124e55700 .functor NOT 1, L_0x124e55660, C4<0>, C4<0>, C4<0>;
L_0x124e557b0 .functor AND 1, L_0x124e55570, L_0x124e55700, C4<1>, C4<1>;
L_0x124e55980 .functor NOT 1, L_0x124e558a0, C4<0>, C4<0>, C4<0>;
L_0x124e55ad0 .functor NOT 1, L_0x124e55a30, C4<0>, C4<0>, C4<0>;
L_0x124e55bb0 .functor AND 1, L_0x124e55980, L_0x124e55ad0, C4<1>, C4<1>;
L_0x124e55d90 .functor AND 1, L_0x124e55bb0, L_0x124e55ca0, C4<1>, C4<1>;
L_0x124e55ea0 .functor OR 1, L_0x124e557b0, L_0x124e55d90, C4<0>, C4<0>;
v0x124e53a00_0 .net *"_ivl_10", 0 0, L_0x124e55570;  1 drivers
v0x124e53ab0_0 .net *"_ivl_13", 0 0, L_0x124e55660;  1 drivers
v0x124e53b50_0 .net *"_ivl_14", 0 0, L_0x124e55700;  1 drivers
v0x124e53bf0_0 .net *"_ivl_16", 0 0, L_0x124e557b0;  1 drivers
v0x124e53ca0_0 .net *"_ivl_19", 0 0, L_0x124e558a0;  1 drivers
v0x124e53d90_0 .net *"_ivl_20", 0 0, L_0x124e55980;  1 drivers
v0x124e53e40_0 .net *"_ivl_23", 0 0, L_0x124e55a30;  1 drivers
v0x124e53ef0_0 .net *"_ivl_24", 0 0, L_0x124e55ad0;  1 drivers
v0x124e53fa0_0 .net *"_ivl_26", 0 0, L_0x124e55bb0;  1 drivers
v0x124e540b0_0 .net *"_ivl_29", 0 0, L_0x124e55ca0;  1 drivers
v0x124e54160_0 .net *"_ivl_30", 0 0, L_0x124e55d90;  1 drivers
v0x124e54210_0 .net *"_ivl_7", 0 0, L_0x124e55400;  1 drivers
v0x124e542c0_0 .net *"_ivl_9", 0 0, L_0x124e554a0;  1 drivers
v0x124e54370 .array "c", 1 3;
v0x124e54370_0 .net v0x124e54370 0, 0 0, L_0x124e573a0; 1 drivers
v0x124e54370_1 .net v0x124e54370 1, 0 0, L_0x124e58f60; 1 drivers
v0x124e54370_2 .net v0x124e54370 2, 0 0, L_0x124e5aa70; 1 drivers
v0x124e545a0_0 .net "carry", 0 0, L_0x124e5c560;  alias, 1 drivers
v0x124e54630_0 .net "overflow", 0 0, L_0x124e55ea0;  alias, 1 drivers
v0x124e546c0_0 .net "parity", 0 0, L_0x124e552a0;  alias, 1 drivers
v0x124e54850_0 .net "sign", 0 0, L_0x124e550a0;  alias, 1 drivers
v0x124e548e0_0 .net "x", 15 0, v0x124e54ba0_0;  1 drivers
v0x124e54970_0 .net "y", 15 0, v0x124e54c30_0;  1 drivers
v0x124e54a00_0 .net "z", 15 0, L_0x124e5ccd0;  alias, 1 drivers
v0x124e54a90_0 .net "zero", 0 0, L_0x124e551c0;  alias, 1 drivers
L_0x124e550a0 .part L_0x124e5ccd0, 15, 1;
L_0x124e551c0 .reduce/nor L_0x124e5ccd0;
L_0x124e552a0 .reduce/xnor L_0x124e5ccd0;
L_0x124e55400 .part v0x124e54ba0_0, 15, 1;
L_0x124e554a0 .part v0x124e54c30_0, 15, 1;
L_0x124e55660 .part L_0x124e5ccd0, 15, 1;
L_0x124e558a0 .part v0x124e54ba0_0, 15, 1;
L_0x124e55a30 .part v0x124e54c30_0, 15, 1;
L_0x124e55ca0 .part L_0x124e5ccd0, 15, 1;
L_0x124e57ae0 .part v0x124e54ba0_0, 0, 4;
L_0x124e57c00 .part v0x124e54c30_0, 0, 4;
L_0x124e596a0 .part v0x124e54ba0_0, 4, 4;
L_0x124e59740 .part v0x124e54c30_0, 4, 4;
L_0x124e5b1b0 .part v0x124e54ba0_0, 8, 4;
L_0x124e5b250 .part v0x124e54c30_0, 8, 4;
L_0x124e5ccd0 .concat8 [ 4 4 4 4], L_0x124e57640, L_0x124e59200, L_0x124e5ad10, L_0x124e5c860;
L_0x124e5cdb0 .part v0x124e54ba0_0, 12, 4;
L_0x124e5cee0 .part v0x124e54c30_0, 12, 4;
S_0x124e3a070 .scope module, "A0" "str_rca_4adder" 3 41, 3 13 0, S_0x124e3ed90;
 .timescale 0 0;
    .port_info 0 /OUTPUT 4 "s";
    .port_info 1 /OUTPUT 1 "cout";
    .port_info 2 /INPUT 4 "a";
    .port_info 3 /INPUT 4 "b";
    .port_info 4 /INPUT 1 "cin";
v0x124e4ba70_0 .net "a", 3 0, L_0x124e57ae0;  1 drivers
v0x124e4bb30_0 .net "b", 3 0, L_0x124e57c00;  1 drivers
v0x124e4bbd0_0 .net "c1", 0 0, L_0x124e56150;  1 drivers
v0x124e4bca0_0 .net "c2", 0 0, L_0x124e56790;  1 drivers
v0x124e4bd70_0 .net "c3", 0 0, L_0x124e56dd0;  1 drivers
L_0x118068010 .functor BUFT 1, C4<0>, C4<0>, C4<0>, C4<0>;
v0x124e4be80_0 .net "cin", 0 0, L_0x118068010;  1 drivers
v0x124e4bf10_0 .net "cout", 0 0, L_0x124e573a0;  alias, 1 drivers
v0x124e4bfa0_0 .net "s", 3 0, L_0x124e57640;  1 drivers
L_0x124e56430 .part L_0x124e57ae0, 0, 1;
L_0x124e564d0 .part L_0x124e57c00, 0, 1;
L_0x124e56a50 .part L_0x124e57ae0, 1, 1;
L_0x124e56b30 .part L_0x124e57c00, 1, 1;
L_0x124e57070 .part L_0x124e57ae0, 2, 1;
L_0x124e57140 .part L_0x124e57c00, 2, 1;
L_0x124e57640 .concat8 [ 1 1 1 1], L_0x124e56040, L_0x124e56620, L_0x124e56c60, L_0x124e57250;
L_0x124e57850 .part L_0x124e57ae0, 3, 1;
L_0x124e57970 .part L_0x124e57c00, 3, 1;
S_0x124e2a240 .scope module, "FA0" "full_adder" 3 21, 3 1 0, S_0x124e3a070;
 .timescale 0 0;
    .port_info 0 /OUTPUT 1 "s";
    .port_info 1 /OUTPUT 1 "cout";
    .port_info 2 /INPUT 1 "a";
    .port_info 3 /INPUT 1 "b";
    .port_info 4 /INPUT 1 "cin";
L_0x124e55fd0 .functor XOR 1, L_0x124e56430, L_0x124e564d0, C4<0>, C4<0>;
L_0x124e56040 .functor XOR 1, L_0x124e55fd0, L_0x118068010, C4<0>, C4<0>;
L_0x124e56150 .functor XOR 1, L_0x124e56200, L_0x124e56350, C4<0>, C4<0>;
L_0x124e56200 .functor AND 1, L_0x124e56430, L_0x124e564d0, C4<1>, C4<1>;
L_0x124e56350 .functor AND 1, L_0x124e55fd0, L_0x118068010, C4<1>, C4<1>;
v0x124e0ce00_0 .net "a", 0 0, L_0x124e56430;  1 drivers
v0x124e49d70_0 .net "b", 0 0, L_0x124e564d0;  1 drivers
v0x124e49e10_0 .net "c1", 0 0, L_0x124e56200;  1 drivers
v0x124e49ea0_0 .net "c2", 0 0, L_0x124e56350;  1 drivers
v0x124e49f40_0 .net "cin", 0 0, L_0x118068010;  alias, 1 drivers
v0x124e4a020_0 .net "cout", 0 0, L_0x124e56150;  alias, 1 drivers
v0x124e4a0c0_0 .net "s", 0 0, L_0x124e56040;  1 drivers
v0x124e4a160_0 .net "s1", 0 0, L_0x124e55fd0;  1 drivers
S_0x124e4a280 .scope module, "FA1" "full_adder" 3 22, 3 1 0, S_0x124e3a070;
 .timescale 0 0;
    .port_info 0 /OUTPUT 1 "s";
    .port_info 1 /OUTPUT 1 "cout";
    .port_info 2 /INPUT 1 "a";
    .port_info 3 /INPUT 1 "b";
    .port_info 4 /INPUT 1 "cin";
L_0x124e56570 .functor XOR 1, L_0x124e56a50, L_0x124e56b30, C4<0>, C4<0>;
L_0x124e56620 .functor XOR 1, L_0x124e56570, L_0x124e56150, C4<0>, C4<0>;
L_0x124e56790 .functor XOR 1, L_0x124e56820, L_0x124e56970, C4<0>, C4<0>;
L_0x124e56820 .functor AND 1, L_0x124e56a50, L_0x124e56b30, C4<1>, C4<1>;
L_0x124e56970 .functor AND 1, L_0x124e56570, L_0x124e56150, C4<1>, C4<1>;
v0x124e4a4c0_0 .net "a", 0 0, L_0x124e56a50;  1 drivers
v0x124e4a550_0 .net "b", 0 0, L_0x124e56b30;  1 drivers
v0x124e4a5f0_0 .net "c1", 0 0, L_0x124e56820;  1 drivers
v0x124e4a6a0_0 .net "c2", 0 0, L_0x124e56970;  1 drivers
v0x124e4a740_0 .net "cin", 0 0, L_0x124e56150;  alias, 1 drivers
v0x124e4a810_0 .net "cout", 0 0, L_0x124e56790;  alias, 1 drivers
v0x124e4a8a0_0 .net "s", 0 0, L_0x124e56620;  1 drivers
v0x124e4a940_0 .net "s1", 0 0, L_0x124e56570;  1 drivers
S_0x124e4aa60 .scope module, "FA2" "full_adder" 3 23, 3 1 0, S_0x124e3a070;
 .timescale 0 0;
    .port_info 0 /OUTPUT 1 "s";
    .port_info 1 /OUTPUT 1 "cout";
    .port_info 2 /INPUT 1 "a";
    .port_info 3 /INPUT 1 "b";
    .port_info 4 /INPUT 1 "cin";
L_0x124e56bd0 .functor XOR 1, L_0x124e57070, L_0x124e57140, C4<0>, C4<0>;
L_0x124e56c60 .functor XOR 1, L_0x124e56bd0, L_0x124e56790, C4<0>, C4<0>;
L_0x124e56dd0 .functor XOR 1, L_0x124e56e60, L_0x124e56f90, C4<0>, C4<0>;
L_0x124e56e60 .functor AND 1, L_0x124e57070, L_0x124e57140, C4<1>, C4<1>;
L_0x124e56f90 .functor AND 1, L_0x124e56bd0, L_0x124e56790, C4<1>, C4<1>;
v0x124e4acc0_0 .net "a", 0 0, L_0x124e57070;  1 drivers
v0x124e4ad60_0 .net "b", 0 0, L_0x124e57140;  1 drivers
v0x124e4ae00_0 .net "c1", 0 0, L_0x124e56e60;  1 drivers
v0x124e4aeb0_0 .net "c2", 0 0, L_0x124e56f90;  1 drivers
v0x124e4af50_0 .net "cin", 0 0, L_0x124e56790;  alias, 1 drivers
v0x124e4b020_0 .net "cout", 0 0, L_0x124e56dd0;  alias, 1 drivers
v0x124e4b0b0_0 .net "s", 0 0, L_0x124e56c60;  1 drivers
v0x124e4b150_0 .net "s1", 0 0, L_0x124e56bd0;  1 drivers
S_0x124e4b270 .scope module, "FA3" "full_adder" 3 24, 3 1 0, S_0x124e3a070;
 .timescale 0 0;
    .port_info 0 /OUTPUT 1 "s";
    .port_info 1 /OUTPUT 1 "cout";
    .port_info 2 /INPUT 1 "a";
    .port_info 3 /INPUT 1 "b";
    .port_info 4 /INPUT 1 "cin";
L_0x124e571e0 .functor XOR 1, L_0x124e57850, L_0x124e57970, C4<0>, C4<0>;
L_0x124e57250 .functor XOR 1, L_0x124e571e0, L_0x124e56dd0, C4<0>, C4<0>;
L_0x124e573a0 .functor XOR 1, L_0x124e57430, L_0x124e57560, C4<0>, C4<0>;
L_0x124e57430 .functor AND 1, L_0x124e57850, L_0x124e57970, C4<1>, C4<1>;
L_0x124e57560 .functor AND 1, L_0x124e571e0, L_0x124e56dd0, C4<1>, C4<1>;
v0x124e4b4b0_0 .net "a", 0 0, L_0x124e57850;  1 drivers
v0x124e4b560_0 .net "b", 0 0, L_0x124e57970;  1 drivers
v0x124e4b600_0 .net "c1", 0 0, L_0x124e57430;  1 drivers
v0x124e4b6b0_0 .net "c2", 0 0, L_0x124e57560;  1 drivers
v0x124e4b750_0 .net "cin", 0 0, L_0x124e56dd0;  alias, 1 drivers
v0x124e4b820_0 .net "cout", 0 0, L_0x124e573a0;  alias, 1 drivers
v0x124e4b8b0_0 .net "s", 0 0, L_0x124e57250;  1 drivers
v0x124e4b950_0 .net "s1", 0 0, L_0x124e571e0;  1 drivers
S_0x124e4c060 .scope module, "A1" "str_rca_4adder" 3 42, 3 13 0, S_0x124e3ed90;
 .timescale 0 0;
    .port_info 0 /OUTPUT 4 "s";
    .port_info 1 /OUTPUT 1 "cout";
    .port_info 2 /INPUT 4 "a";
    .port_info 3 /INPUT 4 "b";
    .port_info 4 /INPUT 1 "cin";
v0x124e4e300_0 .net "a", 3 0, L_0x124e596a0;  1 drivers
v0x124e4e3c0_0 .net "b", 3 0, L_0x124e59740;  1 drivers
v0x124e4e460_0 .net "c1", 0 0, L_0x124e57ee0;  1 drivers
v0x124e4e530_0 .net "c2", 0 0, L_0x124e58350;  1 drivers
v0x124e4e600_0 .net "c3", 0 0, L_0x124e58990;  1 drivers
v0x124e4e710_0 .net "cin", 0 0, L_0x124e573a0;  alias, 1 drivers
v0x124e4e7a0_0 .net "cout", 0 0, L_0x124e58f60;  alias, 1 drivers
v0x124e4e830_0 .net "s", 3 0, L_0x124e59200;  1 drivers
L_0x124e58030 .part L_0x124e596a0, 0, 1;
L_0x124e580d0 .part L_0x124e59740, 0, 1;
L_0x124e58610 .part L_0x124e596a0, 1, 1;
L_0x124e586f0 .part L_0x124e59740, 1, 1;
L_0x124e58c30 .part L_0x124e596a0, 2, 1;
L_0x124e58d00 .part L_0x124e59740, 2, 1;
L_0x124e59200 .concat8 [ 1 1 1 1], L_0x124e57e70, L_0x124e581e0, L_0x124e58820, L_0x124e58e10;
L_0x124e59410 .part L_0x124e596a0, 3, 1;
L_0x124e59530 .part L_0x124e59740, 3, 1;
S_0x124e4c2b0 .scope module, "FA0" "full_adder" 3 21, 3 1 0, S_0x124e4c060;
 .timescale 0 0;
    .port_info 0 /OUTPUT 1 "s";
    .port_info 1 /OUTPUT 1 "cout";
    .port_info 2 /INPUT 1 "a";
    .port_info 3 /INPUT 1 "b";
    .port_info 4 /INPUT 1 "cin";
L_0x124e57e00 .functor XOR 1, L_0x124e58030, L_0x124e580d0, C4<0>, C4<0>;
L_0x124e57e70 .functor XOR 1, L_0x124e57e00, L_0x124e573a0, C4<0>, C4<0>;
L_0x124e57ee0 .functor XOR 1, L_0x124e57f50, L_0x124e57fc0, C4<0>, C4<0>;
L_0x124e57f50 .functor AND 1, L_0x124e58030, L_0x124e580d0, C4<1>, C4<1>;
L_0x124e57fc0 .functor AND 1, L_0x124e57e00, L_0x124e573a0, C4<1>, C4<1>;
v0x124e4c520_0 .net "a", 0 0, L_0x124e58030;  1 drivers
v0x124e4c5d0_0 .net "b", 0 0, L_0x124e580d0;  1 drivers
v0x124e4c670_0 .net "c1", 0 0, L_0x124e57f50;  1 drivers
v0x124e4c720_0 .net "c2", 0 0, L_0x124e57fc0;  1 drivers
v0x124e4c7c0_0 .net "cin", 0 0, L_0x124e573a0;  alias, 1 drivers
v0x124e4c8d0_0 .net "cout", 0 0, L_0x124e57ee0;  alias, 1 drivers
v0x124e4c960_0 .net "s", 0 0, L_0x124e57e70;  1 drivers
v0x124e4c9f0_0 .net "s1", 0 0, L_0x124e57e00;  1 drivers
S_0x124e4cb10 .scope module, "FA1" "full_adder" 3 22, 3 1 0, S_0x124e4c060;
 .timescale 0 0;
    .port_info 0 /OUTPUT 1 "s";
    .port_info 1 /OUTPUT 1 "cout";
    .port_info 2 /INPUT 1 "a";
    .port_info 3 /INPUT 1 "b";
    .port_info 4 /INPUT 1 "cin";
L_0x124e58170 .functor XOR 1, L_0x124e58610, L_0x124e586f0, C4<0>, C4<0>;
L_0x124e581e0 .functor XOR 1, L_0x124e58170, L_0x124e57ee0, C4<0>, C4<0>;
L_0x124e58350 .functor XOR 1, L_0x124e583e0, L_0x124e58530, C4<0>, C4<0>;
L_0x124e583e0 .functor AND 1, L_0x124e58610, L_0x124e586f0, C4<1>, C4<1>;
L_0x124e58530 .functor AND 1, L_0x124e58170, L_0x124e57ee0, C4<1>, C4<1>;
v0x124e4cd50_0 .net "a", 0 0, L_0x124e58610;  1 drivers
v0x124e4cde0_0 .net "b", 0 0, L_0x124e586f0;  1 drivers
v0x124e4ce80_0 .net "c1", 0 0, L_0x124e583e0;  1 drivers
v0x124e4cf30_0 .net "c2", 0 0, L_0x124e58530;  1 drivers
v0x124e4cfd0_0 .net "cin", 0 0, L_0x124e57ee0;  alias, 1 drivers
v0x124e4d0a0_0 .net "cout", 0 0, L_0x124e58350;  alias, 1 drivers
v0x124e4d130_0 .net "s", 0 0, L_0x124e581e0;  1 drivers
v0x124e4d1d0_0 .net "s1", 0 0, L_0x124e58170;  1 drivers
S_0x124e4d2f0 .scope module, "FA2" "full_adder" 3 23, 3 1 0, S_0x124e4c060;
 .timescale 0 0;
    .port_info 0 /OUTPUT 1 "s";
    .port_info 1 /OUTPUT 1 "cout";
    .port_info 2 /INPUT 1 "a";
    .port_info 3 /INPUT 1 "b";
    .port_info 4 /INPUT 1 "cin";
L_0x124e58790 .functor XOR 1, L_0x124e58c30, L_0x124e58d00, C4<0>, C4<0>;
L_0x124e58820 .functor XOR 1, L_0x124e58790, L_0x124e58350, C4<0>, C4<0>;
L_0x124e58990 .functor XOR 1, L_0x124e58a20, L_0x124e58b50, C4<0>, C4<0>;
L_0x124e58a20 .functor AND 1, L_0x124e58c30, L_0x124e58d00, C4<1>, C4<1>;
L_0x124e58b50 .functor AND 1, L_0x124e58790, L_0x124e58350, C4<1>, C4<1>;
v0x124e4d550_0 .net "a", 0 0, L_0x124e58c30;  1 drivers
v0x124e4d5f0_0 .net "b", 0 0, L_0x124e58d00;  1 drivers
v0x124e4d690_0 .net "c1", 0 0, L_0x124e58a20;  1 drivers
v0x124e4d740_0 .net "c2", 0 0, L_0x124e58b50;  1 drivers
v0x124e4d7e0_0 .net "cin", 0 0, L_0x124e58350;  alias, 1 drivers
v0x124e4d8b0_0 .net "cout", 0 0, L_0x124e58990;  alias, 1 drivers
v0x124e4d940_0 .net "s", 0 0, L_0x124e58820;  1 drivers
v0x124e4d9e0_0 .net "s1", 0 0, L_0x124e58790;  1 drivers
S_0x124e4db00 .scope module, "FA3" "full_adder" 3 24, 3 1 0, S_0x124e4c060;
 .timescale 0 0;
    .port_info 0 /OUTPUT 1 "s";
    .port_info 1 /OUTPUT 1 "cout";
    .port_info 2 /INPUT 1 "a";
    .port_info 3 /INPUT 1 "b";
    .port_info 4 /INPUT 1 "cin";
L_0x124e58da0 .functor XOR 1, L_0x124e59410, L_0x124e59530, C4<0>, C4<0>;
L_0x124e58e10 .functor XOR 1, L_0x124e58da0, L_0x124e58990, C4<0>, C4<0>;
L_0x124e58f60 .functor XOR 1, L_0x124e58ff0, L_0x124e59120, C4<0>, C4<0>;
L_0x124e58ff0 .functor AND 1, L_0x124e59410, L_0x124e59530, C4<1>, C4<1>;
L_0x124e59120 .functor AND 1, L_0x124e58da0, L_0x124e58990, C4<1>, C4<1>;
v0x124e4dd40_0 .net "a", 0 0, L_0x124e59410;  1 drivers
v0x124e4ddf0_0 .net "b", 0 0, L_0x124e59530;  1 drivers
v0x124e4de90_0 .net "c1", 0 0, L_0x124e58ff0;  1 drivers
v0x124e4df40_0 .net "c2", 0 0, L_0x124e59120;  1 drivers
v0x124e4dfe0_0 .net "cin", 0 0, L_0x124e58990;  alias, 1 drivers
v0x124e4e0b0_0 .net "cout", 0 0, L_0x124e58f60;  alias, 1 drivers
v0x124e4e140_0 .net "s", 0 0, L_0x124e58e10;  1 drivers
v0x124e4e1e0_0 .net "s1", 0 0, L_0x124e58da0;  1 drivers
S_0x124e4e8f0 .scope module, "A2" "str_rca_4adder" 3 43, 3 13 0, S_0x124e3ed90;
 .timescale 0 0;
    .port_info 0 /OUTPUT 4 "s";
    .port_info 1 /OUTPUT 1 "cout";
    .port_info 2 /INPUT 4 "a";
    .port_info 3 /INPUT 4 "b";
    .port_info 4 /INPUT 1 "cin";
v0x124e50b90_0 .net "a", 3 0, L_0x124e5b1b0;  1 drivers
v0x124e50c50_0 .net "b", 3 0, L_0x124e5b250;  1 drivers
v0x124e50cf0_0 .net "c1", 0 0, L_0x124e59930;  1 drivers
v0x124e50dc0_0 .net "c2", 0 0, L_0x124e59e70;  1 drivers
v0x124e50e90_0 .net "c3", 0 0, L_0x124e5a4a0;  1 drivers
v0x124e50fa0_0 .net "cin", 0 0, L_0x124e58f60;  alias, 1 drivers
v0x124e51030_0 .net "cout", 0 0, L_0x124e5aa70;  alias, 1 drivers
v0x124e510c0_0 .net "s", 3 0, L_0x124e5ad10;  1 drivers
L_0x124e59b30 .part L_0x124e5b1b0, 0, 1;
L_0x124e59bd0 .part L_0x124e5b250, 0, 1;
L_0x124e5a100 .part L_0x124e5b1b0, 1, 1;
L_0x124e5a1e0 .part L_0x124e5b250, 1, 1;
L_0x124e5a740 .part L_0x124e5b1b0, 2, 1;
L_0x124e5a810 .part L_0x124e5b250, 2, 1;
L_0x124e5ad10 .concat8 [ 1 1 1 1], L_0x124e598c0, L_0x124e59d00, L_0x124e5a330, L_0x124e5a920;
L_0x124e5af20 .part L_0x124e5b1b0, 3, 1;
L_0x124e5b040 .part L_0x124e5b250, 3, 1;
S_0x124e4eb50 .scope module, "FA0" "full_adder" 3 21, 3 1 0, S_0x124e4e8f0;
 .timescale 0 0;
    .port_info 0 /OUTPUT 1 "s";
    .port_info 1 /OUTPUT 1 "cout";
    .port_info 2 /INPUT 1 "a";
    .port_info 3 /INPUT 1 "b";
    .port_info 4 /INPUT 1 "cin";
L_0x124e59850 .functor XOR 1, L_0x124e59b30, L_0x124e59bd0, C4<0>, C4<0>;
L_0x124e598c0 .functor XOR 1, L_0x124e59850, L_0x124e58f60, C4<0>, C4<0>;
L_0x124e59930 .functor XOR 1, L_0x124e599a0, L_0x124e59a50, C4<0>, C4<0>;
L_0x124e599a0 .functor AND 1, L_0x124e59b30, L_0x124e59bd0, C4<1>, C4<1>;
L_0x124e59a50 .functor AND 1, L_0x124e59850, L_0x124e58f60, C4<1>, C4<1>;
v0x124e4edc0_0 .net "a", 0 0, L_0x124e59b30;  1 drivers
v0x124e4ee60_0 .net "b", 0 0, L_0x124e59bd0;  1 drivers
v0x124e4ef00_0 .net "c1", 0 0, L_0x124e599a0;  1 drivers
v0x124e4efb0_0 .net "c2", 0 0, L_0x124e59a50;  1 drivers
v0x124e4f050_0 .net "cin", 0 0, L_0x124e58f60;  alias, 1 drivers
v0x124e4f160_0 .net "cout", 0 0, L_0x124e59930;  alias, 1 drivers
v0x124e4f1f0_0 .net "s", 0 0, L_0x124e598c0;  1 drivers
v0x124e4f280_0 .net "s1", 0 0, L_0x124e59850;  1 drivers
S_0x124e4f3a0 .scope module, "FA1" "full_adder" 3 22, 3 1 0, S_0x124e4e8f0;
 .timescale 0 0;
    .port_info 0 /OUTPUT 1 "s";
    .port_info 1 /OUTPUT 1 "cout";
    .port_info 2 /INPUT 1 "a";
    .port_info 3 /INPUT 1 "b";
    .port_info 4 /INPUT 1 "cin";
L_0x124e59c70 .functor XOR 1, L_0x124e5a100, L_0x124e5a1e0, C4<0>, C4<0>;
L_0x124e59d00 .functor XOR 1, L_0x124e59c70, L_0x124e59930, C4<0>, C4<0>;
L_0x124e59e70 .functor XOR 1, L_0x124e59f00, L_0x124e5a050, C4<0>, C4<0>;
L_0x124e59f00 .functor AND 1, L_0x124e5a100, L_0x124e5a1e0, C4<1>, C4<1>;
L_0x124e5a050 .functor AND 1, L_0x124e59c70, L_0x124e59930, C4<1>, C4<1>;
v0x124e4f5e0_0 .net "a", 0 0, L_0x124e5a100;  1 drivers
v0x124e4f670_0 .net "b", 0 0, L_0x124e5a1e0;  1 drivers
v0x124e4f710_0 .net "c1", 0 0, L_0x124e59f00;  1 drivers
v0x124e4f7c0_0 .net "c2", 0 0, L_0x124e5a050;  1 drivers
v0x124e4f860_0 .net "cin", 0 0, L_0x124e59930;  alias, 1 drivers
v0x124e4f930_0 .net "cout", 0 0, L_0x124e59e70;  alias, 1 drivers
v0x124e4f9c0_0 .net "s", 0 0, L_0x124e59d00;  1 drivers
v0x124e4fa60_0 .net "s1", 0 0, L_0x124e59c70;  1 drivers
S_0x124e4fb80 .scope module, "FA2" "full_adder" 3 23, 3 1 0, S_0x124e4e8f0;
 .timescale 0 0;
    .port_info 0 /OUTPUT 1 "s";
    .port_info 1 /OUTPUT 1 "cout";
    .port_info 2 /INPUT 1 "a";
    .port_info 3 /INPUT 1 "b";
    .port_info 4 /INPUT 1 "cin";
L_0x124e5a280 .functor XOR 1, L_0x124e5a740, L_0x124e5a810, C4<0>, C4<0>;
L_0x124e5a330 .functor XOR 1, L_0x124e5a280, L_0x124e59e70, C4<0>, C4<0>;
L_0x124e5a4a0 .functor XOR 1, L_0x124e5a530, L_0x124e5a660, C4<0>, C4<0>;
L_0x124e5a530 .functor AND 1, L_0x124e5a740, L_0x124e5a810, C4<1>, C4<1>;
L_0x124e5a660 .functor AND 1, L_0x124e5a280, L_0x124e59e70, C4<1>, C4<1>;
v0x124e4fde0_0 .net "a", 0 0, L_0x124e5a740;  1 drivers
v0x124e4fe80_0 .net "b", 0 0, L_0x124e5a810;  1 drivers
v0x124e4ff20_0 .net "c1", 0 0, L_0x124e5a530;  1 drivers
v0x124e4ffd0_0 .net "c2", 0 0, L_0x124e5a660;  1 drivers
v0x124e50070_0 .net "cin", 0 0, L_0x124e59e70;  alias, 1 drivers
v0x124e50140_0 .net "cout", 0 0, L_0x124e5a4a0;  alias, 1 drivers
v0x124e501d0_0 .net "s", 0 0, L_0x124e5a330;  1 drivers
v0x124e50270_0 .net "s1", 0 0, L_0x124e5a280;  1 drivers
S_0x124e50390 .scope module, "FA3" "full_adder" 3 24, 3 1 0, S_0x124e4e8f0;
 .timescale 0 0;
    .port_info 0 /OUTPUT 1 "s";
    .port_info 1 /OUTPUT 1 "cout";
    .port_info 2 /INPUT 1 "a";
    .port_info 3 /INPUT 1 "b";
    .port_info 4 /INPUT 1 "cin";
L_0x124e5a8b0 .functor XOR 1, L_0x124e5af20, L_0x124e5b040, C4<0>, C4<0>;
L_0x124e5a920 .functor XOR 1, L_0x124e5a8b0, L_0x124e5a4a0, C4<0>, C4<0>;
L_0x124e5aa70 .functor XOR 1, L_0x124e5ab00, L_0x124e5ac30, C4<0>, C4<0>;
L_0x124e5ab00 .functor AND 1, L_0x124e5af20, L_0x124e5b040, C4<1>, C4<1>;
L_0x124e5ac30 .functor AND 1, L_0x124e5a8b0, L_0x124e5a4a0, C4<1>, C4<1>;
v0x124e505d0_0 .net "a", 0 0, L_0x124e5af20;  1 drivers
v0x124e50680_0 .net "b", 0 0, L_0x124e5b040;  1 drivers
v0x124e50720_0 .net "c1", 0 0, L_0x124e5ab00;  1 drivers
v0x124e507d0_0 .net "c2", 0 0, L_0x124e5ac30;  1 drivers
v0x124e50870_0 .net "cin", 0 0, L_0x124e5a4a0;  alias, 1 drivers
v0x124e50940_0 .net "cout", 0 0, L_0x124e5aa70;  alias, 1 drivers
v0x124e509d0_0 .net "s", 0 0, L_0x124e5a920;  1 drivers
v0x124e50a70_0 .net "s1", 0 0, L_0x124e5a8b0;  1 drivers
S_0x124e51180 .scope module, "A3" "str_rca_4adder" 3 44, 3 13 0, S_0x124e3ed90;
 .timescale 0 0;
    .port_info 0 /OUTPUT 4 "s";
    .port_info 1 /OUTPUT 1 "cout";
    .port_info 2 /INPUT 4 "a";
    .port_info 3 /INPUT 4 "b";
    .port_info 4 /INPUT 1 "cin";
v0x124e53410_0 .net "a", 3 0, L_0x124e5cdb0;  1 drivers
v0x124e534d0_0 .net "b", 3 0, L_0x124e5cee0;  1 drivers
v0x124e53570_0 .net "c1", 0 0, L_0x124e5b3e0;  1 drivers
v0x124e53640_0 .net "c2", 0 0, L_0x124e5b960;  1 drivers
v0x124e53710_0 .net "c3", 0 0, L_0x124e5bf90;  1 drivers
v0x124e53820_0 .net "cin", 0 0, L_0x124e5aa70;  alias, 1 drivers
v0x124e538b0_0 .net "cout", 0 0, L_0x124e5c560;  alias, 1 drivers
v0x124e53940_0 .net "s", 3 0, L_0x124e5c860;  1 drivers
L_0x124e5b620 .part L_0x124e5cdb0, 0, 1;
L_0x124e5b6c0 .part L_0x124e5cee0, 0, 1;
L_0x124e5bbf0 .part L_0x124e5cdb0, 1, 1;
L_0x124e5bcd0 .part L_0x124e5cee0, 1, 1;
L_0x124e5c230 .part L_0x124e5cdb0, 2, 1;
L_0x124e5c300 .part L_0x124e5cee0, 2, 1;
L_0x124e5c860 .concat8 [ 1 1 1 1], L_0x124e5b370, L_0x124e5b7f0, L_0x124e5be20, L_0x124e5c410;
L_0x124e5ca40 .part L_0x124e5cdb0, 3, 1;
L_0x124e5cb60 .part L_0x124e5cee0, 3, 1;
S_0x124e513c0 .scope module, "FA0" "full_adder" 3 21, 3 1 0, S_0x124e51180;
 .timescale 0 0;
    .port_info 0 /OUTPUT 1 "s";
    .port_info 1 /OUTPUT 1 "cout";
    .port_info 2 /INPUT 1 "a";
    .port_info 3 /INPUT 1 "b";
    .port_info 4 /INPUT 1 "cin";
L_0x124e597e0 .functor XOR 1, L_0x124e5b620, L_0x124e5b6c0, C4<0>, C4<0>;
L_0x124e5b370 .functor XOR 1, L_0x124e597e0, L_0x124e5aa70, C4<0>, C4<0>;
L_0x124e5b3e0 .functor XOR 1, L_0x124e5b450, L_0x124e5b540, C4<0>, C4<0>;
L_0x124e5b450 .functor AND 1, L_0x124e5b620, L_0x124e5b6c0, C4<1>, C4<1>;
L_0x124e5b540 .functor AND 1, L_0x124e597e0, L_0x124e5aa70, C4<1>, C4<1>;
v0x124e51630_0 .net "a", 0 0, L_0x124e5b620;  1 drivers
v0x124e516e0_0 .net "b", 0 0, L_0x124e5b6c0;  1 drivers
v0x124e51780_0 .net "c1", 0 0, L_0x124e5b450;  1 drivers
v0x124e51830_0 .net "c2", 0 0, L_0x124e5b540;  1 drivers
v0x124e518d0_0 .net "cin", 0 0, L_0x124e5aa70;  alias, 1 drivers
v0x124e519e0_0 .net "cout", 0 0, L_0x124e5b3e0;  alias, 1 drivers
v0x124e51a70_0 .net "s", 0 0, L_0x124e5b370;  1 drivers
v0x124e51b00_0 .net "s1", 0 0, L_0x124e597e0;  1 drivers
S_0x124e51c20 .scope module, "FA1" "full_adder" 3 22, 3 1 0, S_0x124e51180;
 .timescale 0 0;
    .port_info 0 /OUTPUT 1 "s";
    .port_info 1 /OUTPUT 1 "cout";
    .port_info 2 /INPUT 1 "a";
    .port_info 3 /INPUT 1 "b";
    .port_info 4 /INPUT 1 "cin";
L_0x124e5b760 .functor XOR 1, L_0x124e5bbf0, L_0x124e5bcd0, C4<0>, C4<0>;
L_0x124e5b7f0 .functor XOR 1, L_0x124e5b760, L_0x124e5b3e0, C4<0>, C4<0>;
L_0x124e5b960 .functor XOR 1, L_0x124e5b9f0, L_0x124e5bb40, C4<0>, C4<0>;
L_0x124e5b9f0 .functor AND 1, L_0x124e5bbf0, L_0x124e5bcd0, C4<1>, C4<1>;
L_0x124e5bb40 .functor AND 1, L_0x124e5b760, L_0x124e5b3e0, C4<1>, C4<1>;
v0x124e51e60_0 .net "a", 0 0, L_0x124e5bbf0;  1 drivers
v0x124e51ef0_0 .net "b", 0 0, L_0x124e5bcd0;  1 drivers
v0x124e51f90_0 .net "c1", 0 0, L_0x124e5b9f0;  1 drivers
v0x124e52040_0 .net "c2", 0 0, L_0x124e5bb40;  1 drivers
v0x124e520e0_0 .net "cin", 0 0, L_0x124e5b3e0;  alias, 1 drivers
v0x124e521b0_0 .net "cout", 0 0, L_0x124e5b960;  alias, 1 drivers
v0x124e52240_0 .net "s", 0 0, L_0x124e5b7f0;  1 drivers
v0x124e522e0_0 .net "s1", 0 0, L_0x124e5b760;  1 drivers
S_0x124e52400 .scope module, "FA2" "full_adder" 3 23, 3 1 0, S_0x124e51180;
 .timescale 0 0;
    .port_info 0 /OUTPUT 1 "s";
    .port_info 1 /OUTPUT 1 "cout";
    .port_info 2 /INPUT 1 "a";
    .port_info 3 /INPUT 1 "b";
    .port_info 4 /INPUT 1 "cin";
L_0x124e5bd70 .functor XOR 1, L_0x124e5c230, L_0x124e5c300, C4<0>, C4<0>;
L_0x124e5be20 .functor XOR 1, L_0x124e5bd70, L_0x124e5b960, C4<0>, C4<0>;
L_0x124e5bf90 .functor XOR 1, L_0x124e5c020, L_0x124e5c150, C4<0>, C4<0>;
L_0x124e5c020 .functor AND 1, L_0x124e5c230, L_0x124e5c300, C4<1>, C4<1>;
L_0x124e5c150 .functor AND 1, L_0x124e5bd70, L_0x124e5b960, C4<1>, C4<1>;
v0x124e52660_0 .net "a", 0 0, L_0x124e5c230;  1 drivers
v0x124e52700_0 .net "b", 0 0, L_0x124e5c300;  1 drivers
v0x124e527a0_0 .net "c1", 0 0, L_0x124e5c020;  1 drivers
v0x124e52850_0 .net "c2", 0 0, L_0x124e5c150;  1 drivers
v0x124e528f0_0 .net "cin", 0 0, L_0x124e5b960;  alias, 1 drivers
v0x124e529c0_0 .net "cout", 0 0, L_0x124e5bf90;  alias, 1 drivers
v0x124e52a50_0 .net "s", 0 0, L_0x124e5be20;  1 drivers
v0x124e52af0_0 .net "s1", 0 0, L_0x124e5bd70;  1 drivers
S_0x124e52c10 .scope module, "FA3" "full_adder" 3 24, 3 1 0, S_0x124e51180;
 .timescale 0 0;
    .port_info 0 /OUTPUT 1 "s";
    .port_info 1 /OUTPUT 1 "cout";
    .port_info 2 /INPUT 1 "a";
    .port_info 3 /INPUT 1 "b";
    .port_info 4 /INPUT 1 "cin";
L_0x124e5c3a0 .functor XOR 1, L_0x124e5ca40, L_0x124e5cb60, C4<0>, C4<0>;
L_0x124e5c410 .functor XOR 1, L_0x124e5c3a0, L_0x124e5bf90, C4<0>, C4<0>;
L_0x124e5c560 .functor XOR 1, L_0x124e5c650, L_0x124e5c780, C4<0>, C4<0>;
L_0x124e5c650 .functor AND 1, L_0x124e5ca40, L_0x124e5cb60, C4<1>, C4<1>;
L_0x124e5c780 .functor AND 1, L_0x124e5c3a0, L_0x124e5bf90, C4<1>, C4<1>;
v0x124e52e50_0 .net "a", 0 0, L_0x124e5ca40;  1 drivers
v0x124e52f00_0 .net "b", 0 0, L_0x124e5cb60;  1 drivers
v0x124e52fa0_0 .net "c1", 0 0, L_0x124e5c650;  1 drivers
v0x124e53050_0 .net "c2", 0 0, L_0x124e5c780;  1 drivers
v0x124e530f0_0 .net "cin", 0 0, L_0x124e5bf90;  alias, 1 drivers
v0x124e531c0_0 .net "cout", 0 0, L_0x124e5c560;  alias, 1 drivers
v0x124e53250_0 .net "s", 0 0, L_0x124e5c410;  1 drivers
v0x124e532f0_0 .net "s1", 0 0, L_0x124e5c3a0;  1 drivers
    .scope S_0x124e400c0;
T_0 ;
    %vpi_call 2 10 "$dumpfile", "str_rca_adderTB.vcd" {0 0 0};
    %vpi_call 2 11 "$dumpvars", 32'sb00000000000000000000000000000000, S_0x124e400c0 {0 0 0};
    %vpi_call 2 12 "$monitor", "a=%h, b=%h, c=%h, sign=%b, zero=%b, carry=%b, parity=%b, overflow=%b", v0x124e54ba0_0, v0x124e54c30_0, v0x124e54cc0_0, v0x124e54f40_0, v0x124e54ff0_0, v0x124e54d50_0, v0x124e54eb0_0, v0x124e54de0_0 {0 0 0};
    %delay 5, 0;
    %pushi/vec4 36863, 0, 16;
    %store/vec4 v0x124e54ba0_0, 0, 16;
    %pushi/vec4 32768, 0, 16;
    %store/vec4 v0x124e54c30_0, 0, 16;
    %delay 5, 0;
    %pushi/vec4 28670, 0, 16;
    %store/vec4 v0x124e54ba0_0, 0, 16;
    %pushi/vec4 2, 0, 16;
    %store/vec4 v0x124e54c30_0, 0, 16;
    %delay 5, 0;
    %pushi/vec4 43690, 0, 16;
    %store/vec4 v0x124e54ba0_0, 0, 16;
    %pushi/vec4 21845, 0, 16;
    %store/vec4 v0x124e54c30_0, 0, 16;
    %delay 5, 0;
    %pushi/vec4 65535, 0, 16;
    %store/vec4 v0x124e54ba0_0, 0, 16;
    %pushi/vec4 1, 0, 16;
    %store/vec4 v0x124e54c30_0, 0, 16;
    %delay 5, 0;
    %pushi/vec4 0, 0, 16;
    %store/vec4 v0x124e54ba0_0, 0, 16;
    %pushi/vec4 0, 0, 16;
    %store/vec4 v0x124e54c30_0, 0, 16;
    %delay 5, 0;
    %vpi_call 2 18 "$finish" {0 0 0};
    %end;
    .thread T_0;
# The file index is used to find the file name in the following table.
:file_names 4;
    "N/A";
    "<interactive>";
    "str_rca_adderTB.v";
    "str_rca_adder.v";
