#! /opt/homebrew/Cellar/icarus-verilog/12.0/bin/vvp
:ivl_version "12.0 (stable)";
:ivl_delay_selection "TYPICAL";
:vpi_time_precision + 0;
:vpi_module "/opt/homebrew/Cellar/icarus-verilog/12.0/lib/ivl/system.vpi";
:vpi_module "/opt/homebrew/Cellar/icarus-verilog/12.0/lib/ivl/vhdl_sys.vpi";
:vpi_module "/opt/homebrew/Cellar/icarus-verilog/12.0/lib/ivl/vhdl_textio.vpi";
:vpi_module "/opt/homebrew/Cellar/icarus-verilog/12.0/lib/ivl/v2005_math.vpi";
:vpi_module "/opt/homebrew/Cellar/icarus-verilog/12.0/lib/ivl/va_math.vpi";
S_0x147e0e470 .scope module, "adderTest" "adderTest" 2 1;
 .timescale 0 0;
v0x147e23710_0 .var "a", 15 0;
v0x147e237a0_0 .var "b", 15 0;
v0x147e23830_0 .net "c", 15 0, L_0x147e23d10;  1 drivers
v0x147e238c0_0 .net "carry", 0 0, L_0x147e23c30;  1 drivers
v0x147e23950_0 .net "overflow", 0 0, L_0x147e24ff0;  1 drivers
v0x147e23a20_0 .net "parity", 0 0, L_0x147e24460;  1 drivers
v0x147e23ad0_0 .net "sign", 0 0, L_0x147e24220;  1 drivers
v0x147e23b80_0 .net "zero", 0 0, L_0x147e24300;  1 drivers
S_0x147e0e180 .scope module, "DUT" "behav_16Adder" 2 6, 3 1 0, S_0x147e0e470;
 .timescale 0 0;
    .port_info 0 /INPUT 16 "x";
    .port_info 1 /INPUT 16 "y";
    .port_info 2 /OUTPUT 16 "z";
    .port_info 3 /OUTPUT 1 "sign";
    .port_info 4 /OUTPUT 1 "zero";
    .port_info 5 /OUTPUT 1 "carry";
    .port_info 6 /OUTPUT 1 "parity";
    .port_info 7 /OUTPUT 1 "overflow";
L_0x147e246d0 .functor AND 1, L_0x147e24540, L_0x147e24630, C4<1>, C4<1>;
L_0x147e24880 .functor NOT 1, L_0x147e24780, C4<0>, C4<0>, C4<0>;
L_0x147e248f0 .functor AND 1, L_0x147e246d0, L_0x147e24880, C4<1>, C4<1>;
L_0x147e24b00 .functor NOT 1, L_0x147e249e0, C4<0>, C4<0>, C4<0>;
L_0x147e24d00 .functor NOT 1, L_0x147e24b70, C4<0>, C4<0>, C4<0>;
L_0x147e24d70 .functor AND 1, L_0x147e24b00, L_0x147e24d00, C4<1>, C4<1>;
L_0x147e24ec0 .functor AND 1, L_0x147e24d70, L_0x147e24e20, C4<1>, C4<1>;
L_0x147e24ff0 .functor OR 1, L_0x147e248f0, L_0x147e24ec0, C4<0>, C4<0>;
L_0x138068058 .functor BUFT 1, C4<0>, C4<0>, C4<0>, C4<0>;
v0x147e11800_0 .net *"_ivl_10", 0 0, L_0x138068058;  1 drivers
v0x147e22420_0 .net *"_ivl_11", 16 0, L_0x147e240b0;  1 drivers
v0x147e224c0_0 .net *"_ivl_20", 0 0, L_0x147e24540;  1 drivers
v0x147e22570_0 .net *"_ivl_22", 0 0, L_0x147e24630;  1 drivers
v0x147e22620_0 .net *"_ivl_23", 0 0, L_0x147e246d0;  1 drivers
v0x147e22710_0 .net *"_ivl_26", 0 0, L_0x147e24780;  1 drivers
v0x147e227c0_0 .net *"_ivl_27", 0 0, L_0x147e24880;  1 drivers
v0x147e22870_0 .net *"_ivl_29", 0 0, L_0x147e248f0;  1 drivers
v0x147e22920_0 .net *"_ivl_3", 16 0, L_0x147e23e30;  1 drivers
v0x147e22a30_0 .net *"_ivl_32", 0 0, L_0x147e249e0;  1 drivers
v0x147e22ae0_0 .net *"_ivl_33", 0 0, L_0x147e24b00;  1 drivers
v0x147e22b90_0 .net *"_ivl_36", 0 0, L_0x147e24b70;  1 drivers
v0x147e22c40_0 .net *"_ivl_37", 0 0, L_0x147e24d00;  1 drivers
v0x147e22cf0_0 .net *"_ivl_39", 0 0, L_0x147e24d70;  1 drivers
v0x147e22da0_0 .net *"_ivl_42", 0 0, L_0x147e24e20;  1 drivers
v0x147e22e50_0 .net *"_ivl_43", 0 0, L_0x147e24ec0;  1 drivers
L_0x138068010 .functor BUFT 1, C4<0>, C4<0>, C4<0>, C4<0>;
v0x147e22f00_0 .net *"_ivl_6", 0 0, L_0x138068010;  1 drivers
v0x147e23090_0 .net *"_ivl_7", 16 0, L_0x147e23f70;  1 drivers
v0x147e23120_0 .net "carry", 0 0, L_0x147e23c30;  alias, 1 drivers
v0x147e231c0_0 .net "overflow", 0 0, L_0x147e24ff0;  alias, 1 drivers
v0x147e23260_0 .net "parity", 0 0, L_0x147e24460;  alias, 1 drivers
v0x147e23300_0 .net "sign", 0 0, L_0x147e24220;  alias, 1 drivers
v0x147e233a0_0 .net "x", 15 0, v0x147e23710_0;  1 drivers
v0x147e23450_0 .net "y", 15 0, v0x147e237a0_0;  1 drivers
v0x147e23500_0 .net "z", 15 0, L_0x147e23d10;  alias, 1 drivers
v0x147e235b0_0 .net "zero", 0 0, L_0x147e24300;  alias, 1 drivers
L_0x147e23c30 .part L_0x147e240b0, 16, 1;
L_0x147e23d10 .part L_0x147e240b0, 0, 16;
L_0x147e23e30 .concat [ 16 1 0 0], v0x147e23710_0, L_0x138068010;
L_0x147e23f70 .concat [ 16 1 0 0], v0x147e237a0_0, L_0x138068058;
L_0x147e240b0 .arith/sum 17, L_0x147e23e30, L_0x147e23f70;
L_0x147e24220 .part L_0x147e23d10, 15, 1;
L_0x147e24300 .reduce/nor L_0x147e23d10;
L_0x147e24460 .reduce/xnor L_0x147e23d10;
L_0x147e24540 .part v0x147e23710_0, 15, 1;
L_0x147e24630 .part v0x147e237a0_0, 15, 1;
L_0x147e24780 .part L_0x147e23d10, 15, 1;
L_0x147e249e0 .part v0x147e23710_0, 15, 1;
L_0x147e24b70 .part v0x147e237a0_0, 15, 1;
L_0x147e24e20 .part L_0x147e23d10, 15, 1;
    .scope S_0x147e0e470;
T_0 ;
    %vpi_call 2 10 "$dumpfile", "behav_adderTB.vcd" {0 0 0};
    %vpi_call 2 11 "$dumpvars", 32'sb00000000000000000000000000000000, S_0x147e0e470 {0 0 0};
    %vpi_call 2 12 "$monitor", "a=%h, b=%h, c=%h, sign=%b, zero=%b, carry=%b, parity=%b, overflow=%b", v0x147e23710_0, v0x147e237a0_0, v0x147e23830_0, v0x147e23ad0_0, v0x147e23b80_0, v0x147e238c0_0, v0x147e23a20_0, v0x147e23950_0 {0 0 0};
    %delay 5, 0;
    %pushi/vec4 36863, 0, 16;
    %store/vec4 v0x147e23710_0, 0, 16;
    %pushi/vec4 32768, 0, 16;
    %store/vec4 v0x147e237a0_0, 0, 16;
    %delay 5, 0;
    %pushi/vec4 28670, 0, 16;
    %store/vec4 v0x147e23710_0, 0, 16;
    %pushi/vec4 2, 0, 16;
    %store/vec4 v0x147e237a0_0, 0, 16;
    %delay 5, 0;
    %pushi/vec4 43690, 0, 16;
    %store/vec4 v0x147e23710_0, 0, 16;
    %pushi/vec4 21845, 0, 16;
    %store/vec4 v0x147e237a0_0, 0, 16;
    %delay 5, 0;
    %pushi/vec4 65535, 0, 16;
    %store/vec4 v0x147e23710_0, 0, 16;
    %pushi/vec4 1, 0, 16;
    %store/vec4 v0x147e237a0_0, 0, 16;
    %delay 5, 0;
    %pushi/vec4 0, 0, 16;
    %store/vec4 v0x147e23710_0, 0, 16;
    %pushi/vec4 0, 0, 16;
    %store/vec4 v0x147e237a0_0, 0, 16;
    %delay 5, 0;
    %vpi_call 2 18 "$finish" {0 0 0};
    %end;
    .thread T_0;
# The file index is used to find the file name in the following table.
:file_names 4;
    "N/A";
    "<interactive>";
    "behav_adderTB.v";
    "behav_adder.v";
